<?xml version="1.0" encoding="UTF-8"?>
<!-- Generated by org.testng.reporters.JUnitReportReporter -->
<testsuite skipped="0" hostname="DESKTOP-DCIME6C" name="testSuites.Loginsuite_01" tests="1" failures="0" timestamp="2020-08-01T16:22:13 EDT" time="21.514" errors="0">
  <testcase name="runScenario" time="21.514" classname="testSuites.Loginsuite_01"/>
  <system-out/>
</testsuite> <!-- testSuites.Loginsuite_01 -->
