<?xml version="1.0" encoding="UTF-8"?>
<!-- Generated by org.testng.reporters.JUnitReportReporter -->
<testsuite skipped="0" hostname="DESKTOP-DCIME6C" name="runner.Loginsuite_03_WithCucumberOptions" tests="1" failures="0" timestamp="2020-08-04T18:34:16 EDT" time="21.863" errors="0">
  <testcase name="runScenario" time="21.863" classname="runner.Loginsuite_03_WithCucumberOptions"/>
  <system-out/>
</testsuite> <!-- runner.Loginsuite_03_WithCucumberOptions -->
