<?xml version="1.0" encoding="UTF-8"?>
<!-- Generated by org.testng.reporters.JUnitReportReporter -->
<testsuite skipped="0" hostname="DESKTOP-DCIME6C" name="runner.Loginsuite_02_WithExamples" tests="2" failures="0" timestamp="2020-08-06T17:32:50 EDT" time="39.003" errors="0">
  <testcase name="runScenario" time="19.195" classname="runner.Loginsuite_02_WithExamples"/>
  <system-out/>
  <testcase name="runScenario" time="19.808" classname="runner.Loginsuite_02_WithExamples"/>
  <system-out/>
</testsuite> <!-- runner.Loginsuite_02_WithExamples -->
