<?xml version="1.0" encoding="UTF-8"?>
<!-- Generated by org.testng.reporters.JUnitReportReporter -->
<testsuite skipped="0" hostname="DESKTOP-DCIME6C" name="runner.Loginsuite_01" tests="1" failures="0" timestamp="2020-08-04T18:29:17 EDT" time="22.472" errors="0">
  <testcase name="runScenario" time="22.472" classname="runner.Loginsuite_01"/>
  <system-out/>
</testsuite> <!-- runner.Loginsuite_01 -->
